STAR version=STAR_2.6.1b
STAR compilation time,server,dir=Wed Oct 17 12:10:01 CDT 2018 midway2-login1.rcc.local:/software/STAR-2.6.1b-el7-x86_64/source
##### DEFAULT parameters:
versionSTAR                       20201
versionGenome                     20101   20200   
parametersFiles                   -   
sysShell                          -
runMode                           alignReads
runThreadN                        1
runDirPerm                        User_RWX
runRNGseed                        777
genomeDir                         ./GenomeDir/
genomeLoad                        NoSharedMemory
genomeFastaFiles                  -   
genomeChainFiles                  -   
genomeSAindexNbases               14
genomeChrBinNbits                 18
genomeSAsparseD                   1
genomeSuffixLengthMax             18446744073709551615
genomeFileSizes                   0   
genomeConsensusFile               -
readFilesType                     Fastx   
readFilesIn                       Read1   Read2   
readFilesPrefix                   -
readFilesCommand                  -   
readMatesLengthsIn                NotEqual
readMapNumber                     18446744073709551615
readNameSeparator                 /   
inputBAMfile                      -
bamRemoveDuplicatesType           -
bamRemoveDuplicatesMate2basesN    0
limitGenomeGenerateRAM            31000000000
limitIObufferSize                 150000000
limitOutSAMoneReadBytes           100000
limitOutSJcollapsed               1000000
limitOutSJoneRead                 1000
limitBAMsortRAM                   0
limitSjdbInsertNsj                1000000
outFileNamePrefix                 ./
outTmpDir                         -
outTmpKeep                        None
outStd                            Log
outReadsUnmapped                  None
outQSconversionAdd                0
outMultimapperOrder               Old_2.4
outSAMtype                        SAM   
outSAMmode                        Full
outSAMstrandField                 None
outSAMattributes                  Standard   
outSAMunmapped                    None   
outSAMorder                       Paired
outSAMprimaryFlag                 OneBestScore
outSAMreadID                      Standard
outSAMmapqUnique                  255
outSAMflagOR                      0
outSAMflagAND                     65535
outSAMattrRGline                  -   
outSAMheaderHD                    -   
outSAMheaderPG                    -   
outSAMheaderCommentFile           -
outBAMcompression                 1
outBAMsortingThreadN              0
outBAMsortingBinsN                50
outSAMfilter                      None   
outSAMmultNmax                    18446744073709551615
outSAMattrIHstart                 1
outSAMtlen                        1
outSJfilterReads                  All
outSJfilterCountUniqueMin         3   1   1   1   
outSJfilterCountTotalMin          3   1   1   1   
outSJfilterOverhangMin            30   12   12   12   
outSJfilterDistToOtherSJmin       10   0   5   10   
outSJfilterIntronMaxVsReadN       50000   100000   200000   
outWigType                        None   
outWigStrand                      Stranded   
outWigReferencesPrefix            -
outWigNorm                        RPM   
outFilterType                     Normal
outFilterMultimapNmax             10
outFilterMultimapScoreRange       1
outFilterScoreMin                 0
outFilterScoreMinOverLread        0.66
outFilterMatchNmin                0
outFilterMatchNminOverLread       0.66
outFilterMismatchNmax             10
outFilterMismatchNoverLmax        0.3
outFilterMismatchNoverReadLmax    1
outFilterIntronMotifs             None
outFilterIntronStrands            RemoveInconsistentStrands
clip5pNbases                      0   
clip3pNbases                      0   
clip3pAfterAdapterNbases          0   
clip3pAdapterSeq                  -   
clip3pAdapterMMp                  0.1   
winBinNbits                       16
winAnchorDistNbins                9
winFlankNbins                     4
winAnchorMultimapNmax             50
winReadCoverageRelativeMin        0.5
winReadCoverageBasesMin           0
scoreGap                          0
scoreGapNoncan                    -8
scoreGapGCAG                      -4
scoreGapATAC                      -8
scoreStitchSJshift                1
scoreGenomicLengthLog2scale       -0.25
scoreDelBase                      -2
scoreDelOpen                      -2
scoreInsOpen                      -2
scoreInsBase                      -2
seedSearchLmax                    0
seedSearchStartLmax               50
seedSearchStartLmaxOverLread      1
seedPerReadNmax                   1000
seedPerWindowNmax                 50
seedNoneLociPerWindow             10
seedMultimapNmax                  10000
seedSplitMin                      12
alignIntronMin                    21
alignIntronMax                    0
alignMatesGapMax                  0
alignTranscriptsPerReadNmax       10000
alignSJoverhangMin                5
alignSJDBoverhangMin              3
alignSJstitchMismatchNmax         0   -1   0   0   
alignSplicedMateMapLmin           0
alignSplicedMateMapLminOverLmate    0.66
alignWindowsPerReadNmax           10000
alignTranscriptsPerWindowNmax     100
alignEndsType                     Local
alignSoftClipAtReferenceEnds      Yes
alignEndsProtrude                 0   ConcordantPair   
alignInsertionFlush               None
peOverlapNbasesMin                0
peOverlapMMp                      0.01
chimSegmentMin                    0
chimScoreMin                      0
chimScoreDropMax                  20
chimScoreSeparation               10
chimScoreJunctionNonGTAG          -1
chimMainSegmentMultNmax           10
chimJunctionOverhangMin           20
chimOutType                       Junctions   
chimFilter                        banGenomicN   
chimSegmentReadGapMax             0
chimMultimapNmax                  0
chimMultimapScoreRange            1
chimNonchimScoreDropMin           20
chimOutJunctionFormat             0   
sjdbFileChrStartEnd               -   
sjdbGTFfile                       -
sjdbGTFchrPrefix                  -
sjdbGTFfeatureExon                exon
sjdbGTFtagExonParentTranscript    transcript_id
sjdbGTFtagExonParentGene          gene_id
sjdbOverhang                      100
sjdbScore                         2
sjdbInsertSave                    Basic
varVCFfile                        -
waspOutputMode                    None
quantMode                         -   
quantTranscriptomeBAMcompression    1
quantTranscriptomeBan             IndelSoftclipSingleend
twopass1readsN                    18446744073709551615
twopassMode                       None
##### Command Line:
/software/STAR-2.6.1b-el7-x86_64/bin/STAR --runMode genomeGenerate --genomeDir /project2/lbarreiro/users/Saideep/rnaseq_variant_testing/aligned-reference/example/2 --genomeFastaFiles /project2/lbarreiro/REF/hg38/GRCh38_1.2.0.fasta --sjdbFileChrStartEnd /project2/lbarreiro/users/Saideep/rnaseq_variant_testing/aligned/example/2/SJ.out.tab --sjdbOverhang 75 --runThreadN 8
##### Initial USER parameters from Command Line:
###### All USER parameters from Command Line:
runMode                       genomeGenerate     ~RE-DEFINED
genomeDir                     /project2/lbarreiro/users/Saideep/rnaseq_variant_testing/aligned-reference/example/2     ~RE-DEFINED
genomeFastaFiles              /project2/lbarreiro/REF/hg38/GRCh38_1.2.0.fasta        ~RE-DEFINED
sjdbFileChrStartEnd           /project2/lbarreiro/users/Saideep/rnaseq_variant_testing/aligned/example/2/SJ.out.tab        ~RE-DEFINED
sjdbOverhang                  75     ~RE-DEFINED
runThreadN                    8     ~RE-DEFINED
##### Finished reading parameters from all sources

##### Final user re-defined parameters-----------------:
runMode                           genomeGenerate
runThreadN                        8
genomeDir                         /project2/lbarreiro/users/Saideep/rnaseq_variant_testing/aligned-reference/example/2
genomeFastaFiles                  /project2/lbarreiro/REF/hg38/GRCh38_1.2.0.fasta   
sjdbFileChrStartEnd               /project2/lbarreiro/users/Saideep/rnaseq_variant_testing/aligned/example/2/SJ.out.tab   
sjdbOverhang                      75

-------------------------------
##### Final effective command line:
/software/STAR-2.6.1b-el7-x86_64/bin/STAR   --runMode genomeGenerate   --runThreadN 8   --genomeDir /project2/lbarreiro/users/Saideep/rnaseq_variant_testing/aligned-reference/example/2   --genomeFastaFiles /project2/lbarreiro/REF/hg38/GRCh38_1.2.0.fasta      --sjdbFileChrStartEnd /project2/lbarreiro/users/Saideep/rnaseq_variant_testing/aligned/example/2/SJ.out.tab      --sjdbOverhang 75

##### Final parameters after user input--------------------------------:
versionSTAR                       20201
versionGenome                     20101   20200   
parametersFiles                   -   
sysShell                          -
runMode                           genomeGenerate
runThreadN                        8
runDirPerm                        User_RWX
runRNGseed                        777
genomeDir                         /project2/lbarreiro/users/Saideep/rnaseq_variant_testing/aligned-reference/example/2
genomeLoad                        NoSharedMemory
genomeFastaFiles                  /project2/lbarreiro/REF/hg38/GRCh38_1.2.0.fasta   
genomeChainFiles                  -   
genomeSAindexNbases               14
genomeChrBinNbits                 18
genomeSAsparseD                   1
genomeSuffixLengthMax             18446744073709551615
genomeFileSizes                   0   
genomeConsensusFile               -
readFilesType                     Fastx   
readFilesIn                       Read1   Read2   
readFilesPrefix                   -
readFilesCommand                  -   
readMatesLengthsIn                NotEqual
readMapNumber                     18446744073709551615
readNameSeparator                 /   
inputBAMfile                      -
bamRemoveDuplicatesType           -
bamRemoveDuplicatesMate2basesN    0
limitGenomeGenerateRAM            31000000000
limitIObufferSize                 150000000
limitOutSAMoneReadBytes           100000
limitOutSJcollapsed               1000000
limitOutSJoneRead                 1000
limitBAMsortRAM                   0
limitSjdbInsertNsj                1000000
outFileNamePrefix                 ./
outTmpDir                         -
outTmpKeep                        None
outStd                            Log
outReadsUnmapped                  None
outQSconversionAdd                0
outMultimapperOrder               Old_2.4
outSAMtype                        SAM   
outSAMmode                        Full
outSAMstrandField                 None
outSAMattributes                  Standard   
outSAMunmapped                    None   
outSAMorder                       Paired
outSAMprimaryFlag                 OneBestScore
outSAMreadID                      Standard
outSAMmapqUnique                  255
outSAMflagOR                      0
outSAMflagAND                     65535
outSAMattrRGline                  -   
outSAMheaderHD                    -   
outSAMheaderPG                    -   
outSAMheaderCommentFile           -
outBAMcompression                 1
outBAMsortingThreadN              0
outBAMsortingBinsN                50
outSAMfilter                      None   
outSAMmultNmax                    18446744073709551615
outSAMattrIHstart                 1
outSAMtlen                        1
outSJfilterReads                  All
outSJfilterCountUniqueMin         3   1   1   1   
outSJfilterCountTotalMin          3   1   1   1   
outSJfilterOverhangMin            30   12   12   12   
outSJfilterDistToOtherSJmin       10   0   5   10   
outSJfilterIntronMaxVsReadN       50000   100000   200000   
outWigType                        None   
outWigStrand                      Stranded   
outWigReferencesPrefix            -
outWigNorm                        RPM   
outFilterType                     Normal
outFilterMultimapNmax             10
outFilterMultimapScoreRange       1
outFilterScoreMin                 0
outFilterScoreMinOverLread        0.66
outFilterMatchNmin                0
outFilterMatchNminOverLread       0.66
outFilterMismatchNmax             10
outFilterMismatchNoverLmax        0.3
outFilterMismatchNoverReadLmax    1
outFilterIntronMotifs             None
outFilterIntronStrands            RemoveInconsistentStrands
clip5pNbases                      0   
clip3pNbases                      0   
clip3pAfterAdapterNbases          0   
clip3pAdapterSeq                  -   
clip3pAdapterMMp                  0.1   
winBinNbits                       16
winAnchorDistNbins                9
winFlankNbins                     4
winAnchorMultimapNmax             50
winReadCoverageRelativeMin        0.5
winReadCoverageBasesMin           0
scoreGap                          0
scoreGapNoncan                    -8
scoreGapGCAG                      -4
scoreGapATAC                      -8
scoreStitchSJshift                1
scoreGenomicLengthLog2scale       -0.25
scoreDelBase                      -2
scoreDelOpen                      -2
scoreInsOpen                      -2
scoreInsBase                      -2
seedSearchLmax                    0
seedSearchStartLmax               50
seedSearchStartLmaxOverLread      1
seedPerReadNmax                   1000
seedPerWindowNmax                 50
seedNoneLociPerWindow             10
seedMultimapNmax                  10000
seedSplitMin                      12
alignIntronMin                    21
alignIntronMax                    0
alignMatesGapMax                  0
alignTranscriptsPerReadNmax       10000
alignSJoverhangMin                5
alignSJDBoverhangMin              3
alignSJstitchMismatchNmax         0   -1   0   0   
alignSplicedMateMapLmin           0
alignSplicedMateMapLminOverLmate    0.66
alignWindowsPerReadNmax           10000
alignTranscriptsPerWindowNmax     100
alignEndsType                     Local
alignSoftClipAtReferenceEnds      Yes
alignEndsProtrude                 0   ConcordantPair   
alignInsertionFlush               None
peOverlapNbasesMin                0
peOverlapMMp                      0.01
chimSegmentMin                    0
chimScoreMin                      0
chimScoreDropMax                  20
chimScoreSeparation               10
chimScoreJunctionNonGTAG          -1
chimMainSegmentMultNmax           10
chimJunctionOverhangMin           20
chimOutType                       Junctions   
chimFilter                        banGenomicN   
chimSegmentReadGapMax             0
chimMultimapNmax                  0
chimMultimapScoreRange            1
chimNonchimScoreDropMin           20
chimOutJunctionFormat             0   
sjdbFileChrStartEnd               /project2/lbarreiro/users/Saideep/rnaseq_variant_testing/aligned/example/2/SJ.out.tab   
sjdbGTFfile                       -
sjdbGTFchrPrefix                  -
sjdbGTFfeatureExon                exon
sjdbGTFtagExonParentTranscript    transcript_id
sjdbGTFtagExonParentGene          gene_id
sjdbOverhang                      75
sjdbScore                         2
sjdbInsertSave                    Basic
varVCFfile                        -
waspOutputMode                    None
quantMode                         -   
quantTranscriptomeBAMcompression    1
quantTranscriptomeBan             IndelSoftclipSingleend
twopass1readsN                    18446744073709551615
twopassMode                       None
----------------------------------------

Finished loading and checking parameters
Apr 02 15:20:08 ... starting to generate Genome files
/project2/lbarreiro/REF/hg38/GRCh38_1.2.0.fasta : chr # 0  "1" chrStart: 0
/project2/lbarreiro/REF/hg38/GRCh38_1.2.0.fasta : chr # 1  "10" chrStart: 249036800
/project2/lbarreiro/REF/hg38/GRCh38_1.2.0.fasta : chr # 2  "11" chrStart: 382992384
/project2/lbarreiro/REF/hg38/GRCh38_1.2.0.fasta : chr # 3  "12" chrStart: 518258688
/project2/lbarreiro/REF/hg38/GRCh38_1.2.0.fasta : chr # 4  "13" chrStart: 651689984
/project2/lbarreiro/REF/hg38/GRCh38_1.2.0.fasta : chr # 5  "14" chrStart: 766246912
/project2/lbarreiro/REF/hg38/GRCh38_1.2.0.fasta : chr # 6  "15" chrStart: 873463808
/project2/lbarreiro/REF/hg38/GRCh38_1.2.0.fasta : chr # 7  "16" chrStart: 975699968
/project2/lbarreiro/REF/hg38/GRCh38_1.2.0.fasta : chr # 8  "17" chrStart: 1066139648
/project2/lbarreiro/REF/hg38/GRCh38_1.2.0.fasta : chr # 9  "18" chrStart: 1149501440
/project2/lbarreiro/REF/hg38/GRCh38_1.2.0.fasta : chr # 10  "19" chrStart: 1229979648
/project2/lbarreiro/REF/hg38/GRCh38_1.2.0.fasta : chr # 11  "2" chrStart: 1288699904
/project2/lbarreiro/REF/hg38/GRCh38_1.2.0.fasta : chr # 12  "20" chrStart: 1530920960
/project2/lbarreiro/REF/hg38/GRCh38_1.2.0.fasta : chr # 13  "21" chrStart: 1595408384
/project2/lbarreiro/REF/hg38/GRCh38_1.2.0.fasta : chr # 14  "22" chrStart: 1642332160
/project2/lbarreiro/REF/hg38/GRCh38_1.2.0.fasta : chr # 15  "3" chrStart: 1693188096
/project2/lbarreiro/REF/hg38/GRCh38_1.2.0.fasta : chr # 16  "4" chrStart: 1891631104
/project2/lbarreiro/REF/hg38/GRCh38_1.2.0.fasta : chr # 17  "5" chrStart: 2081947648
/project2/lbarreiro/REF/hg38/GRCh38_1.2.0.fasta : chr # 18  "6" chrStart: 2263613440
/project2/lbarreiro/REF/hg38/GRCh38_1.2.0.fasta : chr # 19  "7" chrStart: 2434531328
/project2/lbarreiro/REF/hg38/GRCh38_1.2.0.fasta : chr # 20  "8" chrStart: 2593914880
/project2/lbarreiro/REF/hg38/GRCh38_1.2.0.fasta : chr # 21  "9" chrStart: 2739142656
/project2/lbarreiro/REF/hg38/GRCh38_1.2.0.fasta : chr # 22  "MT" chrStart: 2877554688
/project2/lbarreiro/REF/hg38/GRCh38_1.2.0.fasta : chr # 23  "X" chrStart: 2877816832
/project2/lbarreiro/REF/hg38/GRCh38_1.2.0.fasta : chr # 24  "Y" chrStart: 3034054656
/project2/lbarreiro/REF/hg38/GRCh38_1.2.0.fasta : chr # 25  "KI270728.1" chrStart: 3091464192
/project2/lbarreiro/REF/hg38/GRCh38_1.2.0.fasta : chr # 26  "KI270727.1" chrStart: 3093561344
/project2/lbarreiro/REF/hg38/GRCh38_1.2.0.fasta : chr # 27  "KI270442.1" chrStart: 3094085632
/project2/lbarreiro/REF/hg38/GRCh38_1.2.0.fasta : chr # 28  "KI270729.1" chrStart: 3094609920
/project2/lbarreiro/REF/hg38/GRCh38_1.2.0.fasta : chr # 29  "GL000225.1" chrStart: 3095134208
/project2/lbarreiro/REF/hg38/GRCh38_1.2.0.fasta : chr # 30  "KI270743.1" chrStart: 3095396352
/project2/lbarreiro/REF/hg38/GRCh38_1.2.0.fasta : chr # 31  "GL000008.2" chrStart: 3095658496
/project2/lbarreiro/REF/hg38/GRCh38_1.2.0.fasta : chr # 32  "GL000009.2" chrStart: 3095920640
/project2/lbarreiro/REF/hg38/GRCh38_1.2.0.fasta : chr # 33  "KI270747.1" chrStart: 3096182784
/project2/lbarreiro/REF/hg38/GRCh38_1.2.0.fasta : chr # 34  "KI270722.1" chrStart: 3096444928
/project2/lbarreiro/REF/hg38/GRCh38_1.2.0.fasta : chr # 35  "GL000194.1" chrStart: 3096707072
/project2/lbarreiro/REF/hg38/GRCh38_1.2.0.fasta : chr # 36  "KI270742.1" chrStart: 3096969216
/project2/lbarreiro/REF/hg38/GRCh38_1.2.0.fasta : chr # 37  "GL000205.2" chrStart: 3097231360
/project2/lbarreiro/REF/hg38/GRCh38_1.2.0.fasta : chr # 38  "GL000195.1" chrStart: 3097493504
/project2/lbarreiro/REF/hg38/GRCh38_1.2.0.fasta : chr # 39  "KI270736.1" chrStart: 3097755648
/project2/lbarreiro/REF/hg38/GRCh38_1.2.0.fasta : chr # 40  "KI270733.1" chrStart: 3098017792
/project2/lbarreiro/REF/hg38/GRCh38_1.2.0.fasta : chr # 41  "GL000224.1" chrStart: 3098279936
/project2/lbarreiro/REF/hg38/GRCh38_1.2.0.fasta : chr # 42  "GL000219.1" chrStart: 3098542080
/project2/lbarreiro/REF/hg38/GRCh38_1.2.0.fasta : chr # 43  "KI270719.1" chrStart: 3098804224
/project2/lbarreiro/REF/hg38/GRCh38_1.2.0.fasta : chr # 44  "GL000216.2" chrStart: 3099066368
/project2/lbarreiro/REF/hg38/GRCh38_1.2.0.fasta : chr # 45  "KI270712.1" chrStart: 3099328512
/project2/lbarreiro/REF/hg38/GRCh38_1.2.0.fasta : chr # 46  "KI270706.1" chrStart: 3099590656
/project2/lbarreiro/REF/hg38/GRCh38_1.2.0.fasta : chr # 47  "KI270725.1" chrStart: 3099852800
/project2/lbarreiro/REF/hg38/GRCh38_1.2.0.fasta : chr # 48  "KI270744.1" chrStart: 3100114944
/project2/lbarreiro/REF/hg38/GRCh38_1.2.0.fasta : chr # 49  "KI270734.1" chrStart: 3100377088
/project2/lbarreiro/REF/hg38/GRCh38_1.2.0.fasta : chr # 50  "GL000213.1" chrStart: 3100639232
/project2/lbarreiro/REF/hg38/GRCh38_1.2.0.fasta : chr # 51  "GL000220.1" chrStart: 3100901376
/project2/lbarreiro/REF/hg38/GRCh38_1.2.0.fasta : chr # 52  "KI270715.1" chrStart: 3101163520
/project2/lbarreiro/REF/hg38/GRCh38_1.2.0.fasta : chr # 53  "GL000218.1" chrStart: 3101425664
/project2/lbarreiro/REF/hg38/GRCh38_1.2.0.fasta : chr # 54  "KI270749.1" chrStart: 3101687808
/project2/lbarreiro/REF/hg38/GRCh38_1.2.0.fasta : chr # 55  "KI270741.1" chrStart: 3101949952
/project2/lbarreiro/REF/hg38/GRCh38_1.2.0.fasta : chr # 56  "GL000221.1" chrStart: 3102212096
/project2/lbarreiro/REF/hg38/GRCh38_1.2.0.fasta : chr # 57  "KI270716.1" chrStart: 3102474240
/project2/lbarreiro/REF/hg38/GRCh38_1.2.0.fasta : chr # 58  "KI270731.1" chrStart: 3102736384
/project2/lbarreiro/REF/hg38/GRCh38_1.2.0.fasta : chr # 59  "KI270751.1" chrStart: 3102998528
/project2/lbarreiro/REF/hg38/GRCh38_1.2.0.fasta : chr # 60  "KI270750.1" chrStart: 3103260672
/project2/lbarreiro/REF/hg38/GRCh38_1.2.0.fasta : chr # 61  "KI270519.1" chrStart: 3103522816
/project2/lbarreiro/REF/hg38/GRCh38_1.2.0.fasta : chr # 62  "GL000214.1" chrStart: 3103784960
/project2/lbarreiro/REF/hg38/GRCh38_1.2.0.fasta : chr # 63  "KI270708.1" chrStart: 3104047104
/project2/lbarreiro/REF/hg38/GRCh38_1.2.0.fasta : chr # 64  "KI270730.1" chrStart: 3104309248
/project2/lbarreiro/REF/hg38/GRCh38_1.2.0.fasta : chr # 65  "KI270438.1" chrStart: 3104571392
/project2/lbarreiro/REF/hg38/GRCh38_1.2.0.fasta : chr # 66  "KI270737.1" chrStart: 3104833536
/project2/lbarreiro/REF/hg38/GRCh38_1.2.0.fasta : chr # 67  "KI270721.1" chrStart: 3105095680
/project2/lbarreiro/REF/hg38/GRCh38_1.2.0.fasta : chr # 68  "KI270738.1" chrStart: 3105357824
/project2/lbarreiro/REF/hg38/GRCh38_1.2.0.fasta : chr # 69  "KI270748.1" chrStart: 3105619968
/project2/lbarreiro/REF/hg38/GRCh38_1.2.0.fasta : chr # 70  "KI270435.1" chrStart: 3105882112
/project2/lbarreiro/REF/hg38/GRCh38_1.2.0.fasta : chr # 71  "GL000208.1" chrStart: 3106144256
/project2/lbarreiro/REF/hg38/GRCh38_1.2.0.fasta : chr # 72  "KI270538.1" chrStart: 3106406400
/project2/lbarreiro/REF/hg38/GRCh38_1.2.0.fasta : chr # 73  "KI270756.1" chrStart: 3106668544
/project2/lbarreiro/REF/hg38/GRCh38_1.2.0.fasta : chr # 74  "KI270739.1" chrStart: 3106930688
/project2/lbarreiro/REF/hg38/GRCh38_1.2.0.fasta : chr # 75  "KI270757.1" chrStart: 3107192832
/project2/lbarreiro/REF/hg38/GRCh38_1.2.0.fasta : chr # 76  "KI270709.1" chrStart: 3107454976
/project2/lbarreiro/REF/hg38/GRCh38_1.2.0.fasta : chr # 77  "KI270746.1" chrStart: 3107717120
/project2/lbarreiro/REF/hg38/GRCh38_1.2.0.fasta : chr # 78  "KI270753.1" chrStart: 3107979264
/project2/lbarreiro/REF/hg38/GRCh38_1.2.0.fasta : chr # 79  "KI270589.1" chrStart: 3108241408
/project2/lbarreiro/REF/hg38/GRCh38_1.2.0.fasta : chr # 80  "KI270726.1" chrStart: 3108503552
/project2/lbarreiro/REF/hg38/GRCh38_1.2.0.fasta : chr # 81  "KI270735.1" chrStart: 3108765696
/project2/lbarreiro/REF/hg38/GRCh38_1.2.0.fasta : chr # 82  "KI270711.1" chrStart: 3109027840
/project2/lbarreiro/REF/hg38/GRCh38_1.2.0.fasta : chr # 83  "KI270745.1" chrStart: 3109289984
/project2/lbarreiro/REF/hg38/GRCh38_1.2.0.fasta : chr # 84  "KI270714.1" chrStart: 3109552128
/project2/lbarreiro/REF/hg38/GRCh38_1.2.0.fasta : chr # 85  "KI270732.1" chrStart: 3109814272
/project2/lbarreiro/REF/hg38/GRCh38_1.2.0.fasta : chr # 86  "KI270713.1" chrStart: 3110076416
/project2/lbarreiro/REF/hg38/GRCh38_1.2.0.fasta : chr # 87  "KI270754.1" chrStart: 3110338560
/project2/lbarreiro/REF/hg38/GRCh38_1.2.0.fasta : chr # 88  "KI270710.1" chrStart: 3110600704
/project2/lbarreiro/REF/hg38/GRCh38_1.2.0.fasta : chr # 89  "KI270717.1" chrStart: 3110862848
/project2/lbarreiro/REF/hg38/GRCh38_1.2.0.fasta : chr # 90  "KI270724.1" chrStart: 3111124992
/project2/lbarreiro/REF/hg38/GRCh38_1.2.0.fasta : chr # 91  "KI270720.1" chrStart: 3111387136
/project2/lbarreiro/REF/hg38/GRCh38_1.2.0.fasta : chr # 92  "KI270723.1" chrStart: 3111649280
/project2/lbarreiro/REF/hg38/GRCh38_1.2.0.fasta : chr # 93  "KI270718.1" chrStart: 3111911424
/project2/lbarreiro/REF/hg38/GRCh38_1.2.0.fasta : chr # 94  "KI270317.1" chrStart: 3112173568
/project2/lbarreiro/REF/hg38/GRCh38_1.2.0.fasta : chr # 95  "KI270740.1" chrStart: 3112435712
/project2/lbarreiro/REF/hg38/GRCh38_1.2.0.fasta : chr # 96  "KI270755.1" chrStart: 3112697856
/project2/lbarreiro/REF/hg38/GRCh38_1.2.0.fasta : chr # 97  "KI270707.1" chrStart: 3112960000
/project2/lbarreiro/REF/hg38/GRCh38_1.2.0.fasta : chr # 98  "KI270579.1" chrStart: 3113222144
/project2/lbarreiro/REF/hg38/GRCh38_1.2.0.fasta : chr # 99  "KI270752.1" chrStart: 3113484288
/project2/lbarreiro/REF/hg38/GRCh38_1.2.0.fasta : chr # 100  "KI270512.1" chrStart: 3113746432
/project2/lbarreiro/REF/hg38/GRCh38_1.2.0.fasta : chr # 101  "KI270322.1" chrStart: 3114008576
/project2/lbarreiro/REF/hg38/GRCh38_1.2.0.fasta : chr # 102  "GL000226.1" chrStart: 3114270720
/project2/lbarreiro/REF/hg38/GRCh38_1.2.0.fasta : chr # 103  "KI270311.1" chrStart: 3114532864
/project2/lbarreiro/REF/hg38/GRCh38_1.2.0.fasta : chr # 104  "KI270366.1" chrStart: 3114795008
/project2/lbarreiro/REF/hg38/GRCh38_1.2.0.fasta : chr # 105  "KI270511.1" chrStart: 3115057152
/project2/lbarreiro/REF/hg38/GRCh38_1.2.0.fasta : chr # 106  "KI270448.1" chrStart: 3115319296
/project2/lbarreiro/REF/hg38/GRCh38_1.2.0.fasta : chr # 107  "KI270521.1" chrStart: 3115581440
/project2/lbarreiro/REF/hg38/GRCh38_1.2.0.fasta : chr # 108  "KI270581.1" chrStart: 3115843584
/project2/lbarreiro/REF/hg38/GRCh38_1.2.0.fasta : chr # 109  "KI270582.1" chrStart: 3116105728
/project2/lbarreiro/REF/hg38/GRCh38_1.2.0.fasta : chr # 110  "KI270515.1" chrStart: 3116367872
/project2/lbarreiro/REF/hg38/GRCh38_1.2.0.fasta : chr # 111  "KI270588.1" chrStart: 3116630016
/project2/lbarreiro/REF/hg38/GRCh38_1.2.0.fasta : chr # 112  "KI270591.1" chrStart: 3116892160
/project2/lbarreiro/REF/hg38/GRCh38_1.2.0.fasta : chr # 113  "KI270522.1" chrStart: 3117154304
/project2/lbarreiro/REF/hg38/GRCh38_1.2.0.fasta : chr # 114  "KI270507.1" chrStart: 3117416448
/project2/lbarreiro/REF/hg38/GRCh38_1.2.0.fasta : chr # 115  "KI270590.1" chrStart: 3117678592
/project2/lbarreiro/REF/hg38/GRCh38_1.2.0.fasta : chr # 116  "KI270584.1" chrStart: 3117940736
/project2/lbarreiro/REF/hg38/GRCh38_1.2.0.fasta : chr # 117  "KI270320.1" chrStart: 3118202880
/project2/lbarreiro/REF/hg38/GRCh38_1.2.0.fasta : chr # 118  "KI270382.1" chrStart: 3118465024
/project2/lbarreiro/REF/hg38/GRCh38_1.2.0.fasta : chr # 119  "KI270468.1" chrStart: 3118727168
/project2/lbarreiro/REF/hg38/GRCh38_1.2.0.fasta : chr # 120  "KI270467.1" chrStart: 3118989312
/project2/lbarreiro/REF/hg38/GRCh38_1.2.0.fasta : chr # 121  "KI270362.1" chrStart: 3119251456
/project2/lbarreiro/REF/hg38/GRCh38_1.2.0.fasta : chr # 122  "KI270517.1" chrStart: 3119513600
/project2/lbarreiro/REF/hg38/GRCh38_1.2.0.fasta : chr # 123  "KI270593.1" chrStart: 3119775744
/project2/lbarreiro/REF/hg38/GRCh38_1.2.0.fasta : chr # 124  "KI270528.1" chrStart: 3120037888
/project2/lbarreiro/REF/hg38/GRCh38_1.2.0.fasta : chr # 125  "KI270587.1" chrStart: 3120300032
/project2/lbarreiro/REF/hg38/GRCh38_1.2.0.fasta : chr # 126  "KI270364.1" chrStart: 3120562176
/project2/lbarreiro/REF/hg38/GRCh38_1.2.0.fasta : chr # 127  "KI270371.1" chrStart: 3120824320
/project2/lbarreiro/REF/hg38/GRCh38_1.2.0.fasta : chr # 128  "KI270333.1" chrStart: 3121086464
/project2/lbarreiro/REF/hg38/GRCh38_1.2.0.fasta : chr # 129  "KI270374.1" chrStart: 3121348608
/project2/lbarreiro/REF/hg38/GRCh38_1.2.0.fasta : chr # 130  "KI270411.1" chrStart: 3121610752
/project2/lbarreiro/REF/hg38/GRCh38_1.2.0.fasta : chr # 131  "KI270414.1" chrStart: 3121872896
/project2/lbarreiro/REF/hg38/GRCh38_1.2.0.fasta : chr # 132  "KI270510.1" chrStart: 3122135040
/project2/lbarreiro/REF/hg38/GRCh38_1.2.0.fasta : chr # 133  "KI270390.1" chrStart: 3122397184
/project2/lbarreiro/REF/hg38/GRCh38_1.2.0.fasta : chr # 134  "KI270375.1" chrStart: 3122659328
/project2/lbarreiro/REF/hg38/GRCh38_1.2.0.fasta : chr # 135  "KI270420.1" chrStart: 3122921472
/project2/lbarreiro/REF/hg38/GRCh38_1.2.0.fasta : chr # 136  "KI270509.1" chrStart: 3123183616
/project2/lbarreiro/REF/hg38/GRCh38_1.2.0.fasta : chr # 137  "KI270315.1" chrStart: 3123445760
/project2/lbarreiro/REF/hg38/GRCh38_1.2.0.fasta : chr # 138  "KI270302.1" chrStart: 3123707904
/project2/lbarreiro/REF/hg38/GRCh38_1.2.0.fasta : chr # 139  "KI270518.1" chrStart: 3123970048
/project2/lbarreiro/REF/hg38/GRCh38_1.2.0.fasta : chr # 140  "KI270530.1" chrStart: 3124232192
/project2/lbarreiro/REF/hg38/GRCh38_1.2.0.fasta : chr # 141  "KI270304.1" chrStart: 3124494336
/project2/lbarreiro/REF/hg38/GRCh38_1.2.0.fasta : chr # 142  "KI270418.1" chrStart: 3124756480
/project2/lbarreiro/REF/hg38/GRCh38_1.2.0.fasta : chr # 143  "KI270424.1" chrStart: 3125018624
/project2/lbarreiro/REF/hg38/GRCh38_1.2.0.fasta : chr # 144  "KI270417.1" chrStart: 3125280768
/project2/lbarreiro/REF/hg38/GRCh38_1.2.0.fasta : chr # 145  "KI270508.1" chrStart: 3125542912
/project2/lbarreiro/REF/hg38/GRCh38_1.2.0.fasta : chr # 146  "KI270303.1" chrStart: 3125805056
/project2/lbarreiro/REF/hg38/GRCh38_1.2.0.fasta : chr # 147  "KI270381.1" chrStart: 3126067200
/project2/lbarreiro/REF/hg38/GRCh38_1.2.0.fasta : chr # 148  "KI270529.1" chrStart: 3126329344
/project2/lbarreiro/REF/hg38/GRCh38_1.2.0.fasta : chr # 149  "KI270425.1" chrStart: 3126591488
/project2/lbarreiro/REF/hg38/GRCh38_1.2.0.fasta : chr # 150  "KI270396.1" chrStart: 3126853632
/project2/lbarreiro/REF/hg38/GRCh38_1.2.0.fasta : chr # 151  "KI270363.1" chrStart: 3127115776
/project2/lbarreiro/REF/hg38/GRCh38_1.2.0.fasta : chr # 152  "KI270386.1" chrStart: 3127377920
/project2/lbarreiro/REF/hg38/GRCh38_1.2.0.fasta : chr # 153  "KI270465.1" chrStart: 3127640064
/project2/lbarreiro/REF/hg38/GRCh38_1.2.0.fasta : chr # 154  "KI270383.1" chrStart: 3127902208
/project2/lbarreiro/REF/hg38/GRCh38_1.2.0.fasta : chr # 155  "KI270384.1" chrStart: 3128164352
/project2/lbarreiro/REF/hg38/GRCh38_1.2.0.fasta : chr # 156  "KI270330.1" chrStart: 3128426496
/project2/lbarreiro/REF/hg38/GRCh38_1.2.0.fasta : chr # 157  "KI270372.1" chrStart: 3128688640
/project2/lbarreiro/REF/hg38/GRCh38_1.2.0.fasta : chr # 158  "KI270548.1" chrStart: 3128950784
/project2/lbarreiro/REF/hg38/GRCh38_1.2.0.fasta : chr # 159  "KI270580.1" chrStart: 3129212928
/project2/lbarreiro/REF/hg38/GRCh38_1.2.0.fasta : chr # 160  "KI270387.1" chrStart: 3129475072
/project2/lbarreiro/REF/hg38/GRCh38_1.2.0.fasta : chr # 161  "KI270391.1" chrStart: 3129737216
/project2/lbarreiro/REF/hg38/GRCh38_1.2.0.fasta : chr # 162  "KI270305.1" chrStart: 3129999360
/project2/lbarreiro/REF/hg38/GRCh38_1.2.0.fasta : chr # 163  "KI270373.1" chrStart: 3130261504
/project2/lbarreiro/REF/hg38/GRCh38_1.2.0.fasta : chr # 164  "KI270422.1" chrStart: 3130523648
/project2/lbarreiro/REF/hg38/GRCh38_1.2.0.fasta : chr # 165  "KI270316.1" chrStart: 3130785792
/project2/lbarreiro/REF/hg38/GRCh38_1.2.0.fasta : chr # 166  "KI270340.1" chrStart: 3131047936
/project2/lbarreiro/REF/hg38/GRCh38_1.2.0.fasta : chr # 167  "KI270338.1" chrStart: 3131310080
/project2/lbarreiro/REF/hg38/GRCh38_1.2.0.fasta : chr # 168  "KI270583.1" chrStart: 3131572224
/project2/lbarreiro/REF/hg38/GRCh38_1.2.0.fasta : chr # 169  "KI270334.1" chrStart: 3131834368
/project2/lbarreiro/REF/hg38/GRCh38_1.2.0.fasta : chr # 170  "KI270429.1" chrStart: 3132096512
/project2/lbarreiro/REF/hg38/GRCh38_1.2.0.fasta : chr # 171  "KI270393.1" chrStart: 3132358656
/project2/lbarreiro/REF/hg38/GRCh38_1.2.0.fasta : chr # 172  "KI270516.1" chrStart: 3132620800
/project2/lbarreiro/REF/hg38/GRCh38_1.2.0.fasta : chr # 173  "KI270389.1" chrStart: 3132882944
/project2/lbarreiro/REF/hg38/GRCh38_1.2.0.fasta : chr # 174  "KI270466.1" chrStart: 3133145088
/project2/lbarreiro/REF/hg38/GRCh38_1.2.0.fasta : chr # 175  "KI270388.1" chrStart: 3133407232
/project2/lbarreiro/REF/hg38/GRCh38_1.2.0.fasta : chr # 176  "KI270544.1" chrStart: 3133669376
/project2/lbarreiro/REF/hg38/GRCh38_1.2.0.fasta : chr # 177  "KI270310.1" chrStart: 3133931520
/project2/lbarreiro/REF/hg38/GRCh38_1.2.0.fasta : chr # 178  "KI270412.1" chrStart: 3134193664
/project2/lbarreiro/REF/hg38/GRCh38_1.2.0.fasta : chr # 179  "KI270395.1" chrStart: 3134455808
/project2/lbarreiro/REF/hg38/GRCh38_1.2.0.fasta : chr # 180  "KI270376.1" chrStart: 3134717952
/project2/lbarreiro/REF/hg38/GRCh38_1.2.0.fasta : chr # 181  "KI270337.1" chrStart: 3134980096
/project2/lbarreiro/REF/hg38/GRCh38_1.2.0.fasta : chr # 182  "KI270335.1" chrStart: 3135242240
/project2/lbarreiro/REF/hg38/GRCh38_1.2.0.fasta : chr # 183  "KI270378.1" chrStart: 3135504384
/project2/lbarreiro/REF/hg38/GRCh38_1.2.0.fasta : chr # 184  "KI270379.1" chrStart: 3135766528
/project2/lbarreiro/REF/hg38/GRCh38_1.2.0.fasta : chr # 185  "KI270329.1" chrStart: 3136028672
/project2/lbarreiro/REF/hg38/GRCh38_1.2.0.fasta : chr # 186  "KI270419.1" chrStart: 3136290816
/project2/lbarreiro/REF/hg38/GRCh38_1.2.0.fasta : chr # 187  "KI270336.1" chrStart: 3136552960
/project2/lbarreiro/REF/hg38/GRCh38_1.2.0.fasta : chr # 188  "KI270312.1" chrStart: 3136815104
/project2/lbarreiro/REF/hg38/GRCh38_1.2.0.fasta : chr # 189  "KI270539.1" chrStart: 3137077248
/project2/lbarreiro/REF/hg38/GRCh38_1.2.0.fasta : chr # 190  "KI270385.1" chrStart: 3137339392
/project2/lbarreiro/REF/hg38/GRCh38_1.2.0.fasta : chr # 191  "KI270423.1" chrStart: 3137601536
/project2/lbarreiro/REF/hg38/GRCh38_1.2.0.fasta : chr # 192  "KI270392.1" chrStart: 3137863680
/project2/lbarreiro/REF/hg38/GRCh38_1.2.0.fasta : chr # 193  "KI270394.1" chrStart: 3138125824
Estimated genome size=3289387968   3138387968   151000000
GstrandBit=32
Number of SA indices: 5891698134
Apr 02 15:21:15 ... starting to sort Suffix Array. This may take a long time...
Number of chunks: 27;   chunks size limit: 1854240296 bytes
Apr 02 15:21:31 ... sorting Suffix Array chunks and saving them to disk...
Writing 1624408768 bytes into /project2/lbarreiro/users/Saideep/rnaseq_variant_testing/aligned-reference/example/2/SA_2 ; empty space on disk = 1387072183074816 bytes ... done
Writing 1789714872 bytes into /project2/lbarreiro/users/Saideep/rnaseq_variant_testing/aligned-reference/example/2/SA_7 ; empty space on disk = 1387072369721344 bytes ... done
Writing 1800795608 bytes into /project2/lbarreiro/users/Saideep/rnaseq_variant_testing/aligned-reference/example/2/SA_5 ; empty space on disk = 1387070626988032 bytes ... done
Writing 1693291528 bytes into /project2/lbarreiro/users/Saideep/rnaseq_variant_testing/aligned-reference/example/2/SA_3 ; empty space on disk = 1387066994720768 bytes ... done
Writing 1841378792 bytes into /project2/lbarreiro/users/Saideep/rnaseq_variant_testing/aligned-reference/example/2/SA_6 ; empty space on disk = 1387065300221952 bytes ... done
Writing 1815767296 bytes into /project2/lbarreiro/users/Saideep/rnaseq_variant_testing/aligned-reference/example/2/SA_0 ; empty space on disk = 1387063457873920 bytes ... done
Writing 1640585088 bytes into /project2/lbarreiro/users/Saideep/rnaseq_variant_testing/aligned-reference/example/2/SA_1 ; empty space on disk = 1387061640691712 bytes ... done
Writing 1730742336 bytes into /project2/lbarreiro/users/Saideep/rnaseq_variant_testing/aligned-reference/example/2/SA_4 ; empty space on disk = 1387056806756352 bytes ... done
Writing 1737704576 bytes into /project2/lbarreiro/users/Saideep/rnaseq_variant_testing/aligned-reference/example/2/SA_10 ; empty space on disk = 1386997778219008 bytes ... done
Writing 1815304384 bytes into /project2/lbarreiro/users/Saideep/rnaseq_variant_testing/aligned-reference/example/2/SA_9 ; empty space on disk = 1386987947819008 bytes ... done
Writing 1831994016 bytes into /project2/lbarreiro/users/Saideep/rnaseq_variant_testing/aligned-reference/example/2/SA_15 ; empty space on disk = 1386986131685376 bytes ... done
Writing 1609091464 bytes into /project2/lbarreiro/users/Saideep/rnaseq_variant_testing/aligned-reference/example/2/SA_8 ; empty space on disk = 1386978773827584 bytes ... done
Writing 1747220456 bytes into /project2/lbarreiro/users/Saideep/rnaseq_variant_testing/aligned-reference/example/2/SA_12 ; empty space on disk = 1386977164263424 bytes ... done
Writing 1776015312 bytes into /project2/lbarreiro/users/Saideep/rnaseq_variant_testing/aligned-reference/example/2/SA_11 ; empty space on disk = 1386975416287232 bytes ... done
Writing 1729296464 bytes into /project2/lbarreiro/users/Saideep/rnaseq_variant_testing/aligned-reference/example/2/SA_14 ; empty space on disk = 1386961541529600 bytes ... done
Writing 1665910992 bytes into /project2/lbarreiro/users/Saideep/rnaseq_variant_testing/aligned-reference/example/2/SA_13 ; empty space on disk = 1386959811379200 bytes ... done
Writing 1829304048 bytes into /project2/lbarreiro/users/Saideep/rnaseq_variant_testing/aligned-reference/example/2/SA_17 ; empty space on disk = 1386947165552640 bytes ... done
Writing 1815828304 bytes into /project2/lbarreiro/users/Saideep/rnaseq_variant_testing/aligned-reference/example/2/SA_19 ; empty space on disk = 1386944507412480 bytes ... done
Writing 1815573112 bytes into /project2/lbarreiro/users/Saideep/rnaseq_variant_testing/aligned-reference/example/2/SA_16 ; empty space on disk = 1386942691278848 bytes ... done
Writing 1702616416 bytes into /project2/lbarreiro/users/Saideep/rnaseq_variant_testing/aligned-reference/example/2/SA_23 ; empty space on disk = 1386934869950464 bytes ... done
Writing 1700126776 bytes into /project2/lbarreiro/users/Saideep/rnaseq_variant_testing/aligned-reference/example/2/SA_20 ; empty space on disk = 1386933166014464 bytes ... done
Writing 1702801672 bytes into /project2/lbarreiro/users/Saideep/rnaseq_variant_testing/aligned-reference/example/2/SA_18 ; empty space on disk = 1386913036500992 bytes ... done
Writing 1776826504 bytes into /project2/lbarreiro/users/Saideep/rnaseq_variant_testing/aligned-reference/example/2/SA_21 ; empty space on disk = 1386893823442944 bytes ... done
Writing 1757272088 bytes into /project2/lbarreiro/users/Saideep/rnaseq_variant_testing/aligned-reference/example/2/SA_22 ; empty space on disk = 1386873862750208 bytes ... done
Writing 1825606584 bytes into /project2/lbarreiro/users/Saideep/rnaseq_variant_testing/aligned-reference/example/2/SA_24 ; empty space on disk = 1386860783861760 bytes ... done
Writing 1542633240 bytes into /project2/lbarreiro/users/Saideep/rnaseq_variant_testing/aligned-reference/example/2/SA_25 ; empty space on disk = 1386857089728512 bytes ... done
Writing 1815774376 bytes into /project2/lbarreiro/users/Saideep/rnaseq_variant_testing/aligned-reference/example/2/SA_26 ; empty space on disk = 1386852481236992 bytes ... done
Apr 02 15:56:01 ... loading chunks from disk, packing SA...
Apr 02 15:57:42 ... finished generating suffix array
Apr 02 15:57:42 ... generating Suffix Array index
Apr 02 16:01:12 ... completed Suffix Array index
Loaded database junctions from file: /project2/lbarreiro/users/Saideep/rnaseq_variant_testing/aligned/example/2/SJ.out.tab, total number of junctions: 85 junctions

Apr 02 16:01:12   Loaded database junctions from the pGe.sjdbFileChrStartEnd file(s), 85 total junctions

Apr 02 16:01:12   Finished preparing junctions
Apr 02 16:01:12 ..... inserting junctions into the genome indices
Apr 02 16:01:12   Finished SA search: number of new junctions=85, old junctions=0
Apr 02 16:01:12   Finished sorting SA indicesL nInd=25500
Genome size with junctions=3138400803  3138387968   12835
GstrandBit1=32   GstrandBit=32
Apr 02 16:02:31   Finished inserting junction indices
Apr 02 16:02:37   Finished SAi
Apr 02 16:02:37 ..... finished inserting junctions into genome
Apr 02 16:02:37 ... writing Genome to disk ...
Writing 3138400803 bytes into /project2/lbarreiro/users/Saideep/rnaseq_variant_testing/aligned-reference/example/2/Genome ; empty space on disk = 1386933917843456 bytes ... done
SA size in bytes: 24303359994
Apr 02 16:02:41 ... writing Suffix Array to disk ...
Writing 24303359994 bytes into /project2/lbarreiro/users/Saideep/rnaseq_variant_testing/aligned-reference/example/2/SA ; empty space on disk = 1386930778406912 bytes ... done
Apr 02 16:03:02 ... writing SAindex to disk
Writing 8 bytes into /project2/lbarreiro/users/Saideep/rnaseq_variant_testing/aligned-reference/example/2/SAindex ; empty space on disk = 1386906474512384 bytes ... done
Writing 120 bytes into /project2/lbarreiro/users/Saideep/rnaseq_variant_testing/aligned-reference/example/2/SAindex ; empty space on disk = 1386906474512384 bytes ... done
Writing 1565873491 bytes into /project2/lbarreiro/users/Saideep/rnaseq_variant_testing/aligned-reference/example/2/SAindex ; empty space on disk = 1386906474512384 bytes ... done
Apr 02 16:03:04 ..... finished successfully
DONE: Genome generation, EXITING
